<?xml version="1.0" encoding="UTF-8"?>
<!-- Generated by org.testng.reporters.JUnitReportReporter -->
<testsuite hostname="Dell" failures="0" tests="1" name="rahulshettyacademy.ExtentReportsDemo.ExtentReportsdemo" time="4.175" errors="0" timestamp="2024-03-20T17:31:33 IST" skipped="0">
  <testcase classname="rahulshettyacademy.ExtentReportsDemo.ExtentReportsdemo" name="initialDemo" time="4.175"/>
</testsuite> <!-- rahulshettyacademy.ExtentReportsDemo.ExtentReportsdemo -->
